<?xml version="1.0" encoding="UTF-8"?>
<!-- Generated by org.testng.reporters.JUnitXMLReporter -->
<testsuite hostname="janjira" ignored="2" name="Test" tests="8" failures="1" timestamp="2566-03-03T22:23:06 ICT" time="57.483" errors="0">
  <testcase name="titleTest" time="40.265" classname="testNG.VerifyTitle"/>
  <testcase name="titleTest" time="17.145" classname="testNG.VerifyTitleAndTest">
    <failure type="java.lang.AssertionError" message="The following asserts failed:
	expected [Electronics, 11Cars, Fashion, Collectibles &amp;amp; More | eBay] but found [Electronics, Cars, Fashion, Collectibles &amp;amp; More | eBay]">
      <![CDATA[java.lang.AssertionError: The following asserts failed:
expected [Electronics, 11Cars, Fashion, Collectibles & More | eBay] but found [Electronics, Cars, Fashion, Collectibles & More | eBay]
at testNG.VerifyTitleAndTest.titleTest(VerifyTitleAndTest.java:30)
at java.util.ArrayList.forEach(Unknown Source)
... Removed 30 stack frames]]>
    </failure>
  </testcase> <!-- titleTest -->
  <testcase name="loginTest" time="0.001" classname="testNG.LoginTest"/>
  <testcase name="logoutTest" time="0.002" classname="testNG.LoginTest"/>
  <testcase name="aTest3" time="0.001" classname="testNG.GroupDemoTest"/>
  <testcase name="aTest4" time="0.001" classname="testNG.GroupDemoTest"/>
  <testcase name="aTest1" time="0.008" classname="testNG.GroupDemoTest"/>
  <testcase name="aTest2" time="0.001" classname="testNG.GroupDemoTest"/>
  <testcase name="@AfterSuite dataTeardown" time="0.0" classname="common.CommonDataSetup">
    <ignored/>
  </testcase> <!-- @AfterSuite dataTeardown -->
  <testcase name="@BeforeSuite dataSetup" time="0.0" classname="common.CommonDataSetup">
    <ignored/>
  </testcase> <!-- @BeforeSuite dataSetup -->
</testsuite> <!-- Test -->
